2026-03-25 12:09:34 - apscheduler.scheduler - INFO - [base.py:454] - Adding job tentatively -- it will be properly scheduled when the scheduler starts
2026-03-25 12:09:34 - apscheduler.scheduler - INFO - [base.py:895] - Added job "Import Email Automatico" to job store "default"
2026-03-25 12:09:34 - apscheduler.scheduler - INFO - [base.py:181] - Scheduler started
2026-03-25 12:09:34 - app.services.scheduler - INFO - [scheduler.py:47] - Email import scheduler avviato - polling ogni 10 secondi
2026-03-25 12:09:34 - __main__ - INFO - [wsgi.py:99] - ======================================================================
2026-03-25 12:09:34 - __main__ - INFO - [wsgi.py:100] - DB-Desk - Avvio Server di Produzione (Waitress)
2026-03-25 12:09:34 - __main__ - INFO - [wsgi.py:101] - ======================================================================
2026-03-25 12:09:34 - __main__ - INFO - [wsgi.py:102] - Ambiente: production
2026-03-25 12:09:34 - __main__ - INFO - [wsgi.py:103] - Host: 192.168.191.74
2026-03-25 12:09:34 - __main__ - INFO - [wsgi.py:104] - Porta: 5000
2026-03-25 12:09:34 - __main__ - INFO - [wsgi.py:105] - URL: http://192.168.191.74:5000
2026-03-25 12:09:34 - __main__ - INFO - [wsgi.py:106] - Threads: 4
2026-03-25 12:09:34 - __main__ - INFO - [wsgi.py:107] - Channel Timeout: 120s
2026-03-25 12:09:34 - __main__ - INFO - [wsgi.py:108] - Connection Limit: 100
2026-03-25 12:09:34 - __main__ - INFO - [wsgi.py:109] - Debug Mode: False
2026-03-25 12:09:34 - __main__ - INFO - [wsgi.py:110] - Log Directory: C:\DB-Desk\logs
2026-03-25 12:09:34 - __main__ - INFO - [wsgi.py:111] - ======================================================================
2026-03-25 12:09:34 - waitress - INFO - [wasyncore.py:485] - Serving on http://192.168.191.74:5000
2026-03-25 12:09:44 - apscheduler.executors.default - INFO - [base.py:123] - Running job "Import Email Automatico (trigger: interval[0:00:10], next run at: 2026-03-25 12:09:44 CET)" (scheduled at 2026-03-25 12:09:44.388714+01:00)
2026-03-25 12:09:44 - app - INFO - [email_importer.py:535] - === AVVIO IMPORTAZIONE EMAIL ===
2026-03-25 12:09:44 - app - INFO - [email_importer.py:619] - Trovati 338 messaggi totali nella cartella
2026-03-25 12:09:54 - app - INFO - [email_importer.py:637] - Dopo filtro data (dal 2026-03-25 12:09:17): 0 messaggi da processare
2026-03-25 12:09:54 - app - INFO - [email_importer.py:691] - === IMPORTAZIONE COMPLETATA: 0 messaggi processati, 0 ticket creati ===
2026-03-25 12:09:54 - apscheduler.executors.default - INFO - [base.py:144] - Job "Import Email Automatico (trigger: interval[0:00:10], next run at: 2026-03-25 12:09:54 CET)" executed successfully
2026-03-25 12:09:54 - apscheduler.executors.default - INFO - [base.py:123] - Running job "Import Email Automatico (trigger: interval[0:00:10], next run at: 2026-03-25 12:10:04 CET)" (scheduled at 2026-03-25 12:09:54.388714+01:00)
2026-03-25 12:09:54 - app - INFO - [email_importer.py:535] - === AVVIO IMPORTAZIONE EMAIL ===
2026-03-25 12:09:54 - app - INFO - [email_importer.py:619] - Trovati 338 messaggi totali nella cartella
2026-03-25 12:10:02 - app - INFO - [email_importer.py:637] - Dopo filtro data (dal 2026-03-25 12:09:44): 0 messaggi da processare
2026-03-25 12:10:02 - app - INFO - [email_importer.py:691] - === IMPORTAZIONE COMPLETATA: 0 messaggi processati, 0 ticket creati ===
2026-03-25 12:10:02 - apscheduler.executors.default - INFO - [base.py:144] - Job "Import Email Automatico (trigger: interval[0:00:10], next run at: 2026-03-25 12:10:04 CET)" executed successfully
2026-03-25 12:10:04 - apscheduler.executors.default - INFO - [base.py:123] - Running job "Import Email Automatico (trigger: interval[0:00:10], next run at: 2026-03-25 12:10:14 CET)" (scheduled at 2026-03-25 12:10:04.388714+01:00)
2026-03-25 12:10:04 - app - INFO - [email_importer.py:535] - === AVVIO IMPORTAZIONE EMAIL ===
2026-03-25 12:10:04 - app - INFO - [email_importer.py:619] - Trovati 338 messaggi totali nella cartella
2026-03-25 12:10:13 - app - INFO - [email_importer.py:637] - Dopo filtro data (dal 2026-03-25 12:09:54): 0 messaggi da processare
2026-03-25 12:10:13 - app - INFO - [email_importer.py:691] - === IMPORTAZIONE COMPLETATA: 0 messaggi processati, 0 ticket creati ===
2026-03-25 12:10:13 - apscheduler.executors.default - INFO - [base.py:144] - Job "Import Email Automatico (trigger: interval[0:00:10], next run at: 2026-03-25 12:10:14 CET)" executed successfully
2026-03-25 12:10:14 - apscheduler.executors.default - INFO - [base.py:123] - Running job "Import Email Automatico (trigger: interval[0:00:10], next run at: 2026-03-25 12:10:24 CET)" (scheduled at 2026-03-25 12:10:14.388714+01:00)
2026-03-25 12:10:14 - app - INFO - [email_importer.py:535] - === AVVIO IMPORTAZIONE EMAIL ===
2026-03-25 12:10:14 - app - INFO - [email_importer.py:619] - Trovati 338 messaggi totali nella cartella
2026-03-25 12:10:21 - app - INFO - [email_importer.py:637] - Dopo filtro data (dal 2026-03-25 12:10:04): 0 messaggi da processare
2026-03-25 12:10:21 - app - INFO - [email_importer.py:691] - === IMPORTAZIONE COMPLETATA: 0 messaggi processati, 0 ticket creati ===
2026-03-25 12:10:21 - apscheduler.executors.default - INFO - [base.py:144] - Job "Import Email Automatico (trigger: interval[0:00:10], next run at: 2026-03-25 12:10:24 CET)" executed successfully
2026-03-25 12:10:24 - apscheduler.executors.default - INFO - [base.py:123] - Running job "Import Email Automatico (trigger: interval[0:00:10], next run at: 2026-03-25 12:10:34 CET)" (scheduled at 2026-03-25 12:10:24.388714+01:00)
2026-03-25 12:10:24 - app - INFO - [email_importer.py:535] - === AVVIO IMPORTAZIONE EMAIL ===
2026-03-25 12:10:24 - app - INFO - [email_importer.py:619] - Trovati 338 messaggi totali nella cartella
2026-03-25 12:10:34 - app - INFO - [email_importer.py:637] - Dopo filtro data (dal 2026-03-25 12:10:14): 0 messaggi da processare
2026-03-25 12:10:34 - app - INFO - [email_importer.py:691] - === IMPORTAZIONE COMPLETATA: 0 messaggi processati, 0 ticket creati ===
2026-03-25 12:10:34 - apscheduler.executors.default - INFO - [base.py:144] - Job "Import Email Automatico (trigger: interval[0:00:10], next run at: 2026-03-25 12:10:34 CET)" executed successfully
2026-03-25 12:10:34 - apscheduler.executors.default - INFO - [base.py:123] - Running job "Import Email Automatico (trigger: interval[0:00:10], next run at: 2026-03-25 12:10:44 CET)" (scheduled at 2026-03-25 12:10:34.388714+01:00)
2026-03-25 12:10:34 - app - INFO - [email_importer.py:535] - === AVVIO IMPORTAZIONE EMAIL ===
2026-03-25 12:10:34 - app - INFO - [email_importer.py:619] - Trovati 338 messaggi totali nella cartella
2026-03-25 12:10:41 - app - INFO - [email_importer.py:637] - Dopo filtro data (dal 2026-03-25 12:10:24): 0 messaggi da processare
2026-03-25 12:10:41 - app - INFO - [email_importer.py:691] - === IMPORTAZIONE COMPLETATA: 0 messaggi processati, 0 ticket creati ===
2026-03-25 12:10:41 - apscheduler.executors.default - INFO - [base.py:144] - Job "Import Email Automatico (trigger: interval[0:00:10], next run at: 2026-03-25 12:10:44 CET)" executed successfully
2026-03-25 12:10:44 - apscheduler.executors.default - INFO - [base.py:123] - Running job "Import Email Automatico (trigger: interval[0:00:10], next run at: 2026-03-25 12:10:54 CET)" (scheduled at 2026-03-25 12:10:44.388714+01:00)
2026-03-25 12:10:44 - app - INFO - [email_importer.py:535] - === AVVIO IMPORTAZIONE EMAIL ===
2026-03-25 12:10:44 - app - INFO - [email_importer.py:619] - Trovati 338 messaggi totali nella cartella
2026-03-25 12:10:52 - app - INFO - [email_importer.py:637] - Dopo filtro data (dal 2026-03-25 12:10:34): 0 messaggi da processare
2026-03-25 12:10:52 - app - INFO - [email_importer.py:691] - === IMPORTAZIONE COMPLETATA: 0 messaggi processati, 0 ticket creati ===
2026-03-25 12:10:52 - apscheduler.executors.default - INFO - [base.py:144] - Job "Import Email Automatico (trigger: interval[0:00:10], next run at: 2026-03-25 12:10:54 CET)" executed successfully
2026-03-25 12:10:54 - apscheduler.executors.default - INFO - [base.py:123] - Running job "Import Email Automatico (trigger: interval[0:00:10], next run at: 2026-03-25 12:11:04 CET)" (scheduled at 2026-03-25 12:10:54.388714+01:00)
2026-03-25 12:10:54 - app - INFO - [email_importer.py:535] - === AVVIO IMPORTAZIONE EMAIL ===
2026-03-25 12:10:54 - app - INFO - [email_importer.py:619] - Trovati 338 messaggi totali nella cartella
2026-03-25 12:11:01 - app - INFO - [email_importer.py:637] - Dopo filtro data (dal 2026-03-25 12:10:44): 0 messaggi da processare
2026-03-25 12:11:01 - app - INFO - [email_importer.py:691] - === IMPORTAZIONE COMPLETATA: 0 messaggi processati, 0 ticket creati ===
2026-03-25 12:11:01 - apscheduler.executors.default - INFO - [base.py:144] - Job "Import Email Automatico (trigger: interval[0:00:10], next run at: 2026-03-25 12:11:04 CET)" executed successfully
